Determining if the pthread_create exist failed with the following output:
Change Dir: /home/czhang/Desktop/deepdive/elementary/build/CMakeFiles/CMakeTmp

Run Build Command:/usr/bin/make "cmTryCompileExec205620120/fast"
/usr/bin/make -f CMakeFiles/cmTryCompileExec205620120.dir/build.make CMakeFiles/cmTryCompileExec205620120.dir/build
make[1]: Entering directory `/home/czhang/Desktop/deepdive/elementary/build/CMakeFiles/CMakeTmp'
/usr/bin/cmake -E cmake_progress_report /home/czhang/Desktop/deepdive/elementary/build/CMakeFiles/CMakeTmp/CMakeFiles 1
Building C object CMakeFiles/cmTryCompileExec205620120.dir/CheckSymbolExists.c.o
/usr/bin/cc    -o CMakeFiles/cmTryCompileExec205620120.dir/CheckSymbolExists.c.o   -c /home/czhang/Desktop/deepdive/elementary/build/CMakeFiles/CMakeTmp/CheckSymbolExists.c
Linking C executable cmTryCompileExec205620120
/usr/bin/cmake -E cmake_link_script CMakeFiles/cmTryCompileExec205620120.dir/link.txt --verbose=1
/usr/bin/cc         CMakeFiles/cmTryCompileExec205620120.dir/CheckSymbolExists.c.o  -o cmTryCompileExec205620120 -rdynamic 
CMakeFiles/cmTryCompileExec205620120.dir/CheckSymbolExists.c.o: In function `main':
CheckSymbolExists.c:(.text+0x16): undefined reference to `pthread_create'
collect2: error: ld returned 1 exit status
make[1]: *** [cmTryCompileExec205620120] Error 1
make[1]: Leaving directory `/home/czhang/Desktop/deepdive/elementary/build/CMakeFiles/CMakeTmp'
make: *** [cmTryCompileExec205620120/fast] Error 2

File /home/czhang/Desktop/deepdive/elementary/build/CMakeFiles/CMakeTmp/CheckSymbolExists.c:
/* */
#include <pthread.h>

int main(int argc, char** argv)
{
  (void)argv;
#ifndef pthread_create
  return ((int*)(&pthread_create))[argc];
#else
  (void)argc;
  return 0;
#endif
}

Determining if the function pthread_create exists in the pthreads failed with the following output:
Change Dir: /home/czhang/Desktop/deepdive/elementary/build/CMakeFiles/CMakeTmp

Run Build Command:/usr/bin/make "cmTryCompileExec2596902549/fast"
/usr/bin/make -f CMakeFiles/cmTryCompileExec2596902549.dir/build.make CMakeFiles/cmTryCompileExec2596902549.dir/build
make[1]: Entering directory `/home/czhang/Desktop/deepdive/elementary/build/CMakeFiles/CMakeTmp'
/usr/bin/cmake -E cmake_progress_report /home/czhang/Desktop/deepdive/elementary/build/CMakeFiles/CMakeTmp/CMakeFiles 1
Building C object CMakeFiles/cmTryCompileExec2596902549.dir/CheckFunctionExists.c.o
/usr/bin/cc   -DCHECK_FUNCTION_EXISTS=pthread_create   -o CMakeFiles/cmTryCompileExec2596902549.dir/CheckFunctionExists.c.o   -c /usr/share/cmake-2.8/Modules/CheckFunctionExists.c
Linking C executable cmTryCompileExec2596902549
/usr/bin/cmake -E cmake_link_script CMakeFiles/cmTryCompileExec2596902549.dir/link.txt --verbose=1
/usr/bin/cc     -DCHECK_FUNCTION_EXISTS=pthread_create    CMakeFiles/cmTryCompileExec2596902549.dir/CheckFunctionExists.c.o  -o cmTryCompileExec2596902549 -rdynamic -lpthreads 
/usr/bin/ld: cannot find -lpthreads
collect2: error: ld returned 1 exit status
make[1]: *** [cmTryCompileExec2596902549] Error 1
make[1]: Leaving directory `/home/czhang/Desktop/deepdive/elementary/build/CMakeFiles/CMakeTmp'
make: *** [cmTryCompileExec2596902549/fast] Error 2


